<?xml version="1.0" encoding="UTF-8"?>
<robot generator="Robot 3.2.2 (Python 3.8.6 on win32)" generated="20210727 19:17:25.240" rpa="false">
<suite id="s1" name="forgot passwordTest" source="D:\webm\features\forgot_password\forgot_passwordTest.robot">
<test id="s1-t1" name="Not registered Alert">
<kw name="Chrome Mobile Go To URL" library="Setup" type="setup">
<doc>Starts a Chrome Browser in Mobile Emulation with specified device model</doc>
<arguments>
<arg>${siteUrl}</arg>
</arguments>
<kw name="Evaluate" library="BuiltIn">
<doc>Evaluates the given expression in Python and returns the result.</doc>
<arguments>
<arg>sys.modules['selenium.webdriver'].ChromeOptions()</arg>
<arg>sys, selenium.webdriver</arg>
</arguments>
<assign>
<var>${options}</var>
</assign>
<msg timestamp="20210727 19:17:25.514" level="INFO">${options} = &lt;selenium.webdriver.chrome.options.Options object at 0x00000152C94D3580&gt;</msg>
<status status="PASS" starttime="20210727 19:17:25.513" endtime="20210727 19:17:25.514"></status>
</kw>
<kw name="Create Dictionary" library="BuiltIn">
<doc>Creates and returns a dictionary based on the given ``items``.</doc>
<arguments>
<arg>deviceName=${mobile}</arg>
</arguments>
<assign>
<var>&amp;{mobile_emulation}</var>
</assign>
<msg timestamp="20210727 19:17:25.514" level="INFO">&amp;{mobile_emulation} = { deviceName=Galaxy S5 }</msg>
<status status="PASS" starttime="20210727 19:17:25.514" endtime="20210727 19:17:25.514"></status>
</kw>
<kw name="Call Method" library="BuiltIn">
<doc>Calls the named method of the given object with the provided arguments.</doc>
<arguments>
<arg>${options}</arg>
<arg>add_experimental_option</arg>
<arg>mobileEmulation</arg>
<arg>${mobile_emulation}</arg>
</arguments>
<status status="PASS" starttime="20210727 19:17:25.514" endtime="20210727 19:17:25.514"></status>
</kw>
<kw name="Call Method" library="BuiltIn">
<doc>Calls the named method of the given object with the provided arguments.</doc>
<arguments>
<arg>${options}</arg>
<arg>add_argument</arg>
<arg>disable-gpu</arg>
</arguments>
<status status="PASS" starttime="20210727 19:17:25.514" endtime="20210727 19:17:25.514"></status>
</kw>
<kw name="Call Method" library="BuiltIn">
<doc>Calls the named method of the given object with the provided arguments.</doc>
<arguments>
<arg>${options}</arg>
<arg>add_argument</arg>
<arg>disable-popup-blocking</arg>
</arguments>
<status status="PASS" starttime="20210727 19:17:25.514" endtime="20210727 19:17:25.514"></status>
</kw>
<kw name="Call Method" library="BuiltIn">
<doc>Calls the named method of the given object with the provided arguments.</doc>
<arguments>
<arg>${options}</arg>
<arg>add_argument</arg>
<arg>no-sandbox</arg>
</arguments>
<status status="PASS" starttime="20210727 19:17:25.514" endtime="20210727 19:17:25.514"></status>
</kw>
<kw name="Call Method" library="BuiltIn">
<doc>Calls the named method of the given object with the provided arguments.</doc>
<arguments>
<arg>${options}</arg>
<arg>add_argument</arg>
<arg>disable-infobars</arg>
</arguments>
<status status="PASS" starttime="20210727 19:17:25.514" endtime="20210727 19:17:25.514"></status>
</kw>
<kw name="Call Method" library="BuiltIn">
<doc>Calls the named method of the given object with the provided arguments.</doc>
<arguments>
<arg>${options}</arg>
<arg>to_capabilities</arg>
</arguments>
<assign>
<var>${desiredcap}</var>
</assign>
<msg timestamp="20210727 19:17:25.514" level="INFO">${desiredcap} = {'browserName': 'chrome', 'version': '', 'platform': 'ANY', 'goog:chromeOptions': {'mobileEmulation': {'deviceName': 'Galaxy S5'}, 'extensions': [], 'args': ['disable-gpu', 'disable-popup-blocking', '...</msg>
<status status="PASS" starttime="20210727 19:17:25.514" endtime="20210727 19:17:25.514"></status>
</kw>
<kw name="Create Webdriver" library="SeleniumLibrary">
<doc>Creates an instance of Selenium WebDriver.</doc>
<arguments>
<arg>Chrome</arg>
<arg>${url}</arg>
<arg>chrome_options=${options}</arg>
<arg>desired_capabilities=${desiredcap}</arg>
</arguments>
<msg timestamp="20210727 19:17:25.514" level="INFO">Creating an instance of the Chrome WebDriver.</msg>
<status status="PASS" starttime="20210727 19:17:25.514" endtime="20210727 19:17:27.271"></status>
</kw>
<kw name="Go To" library="SeleniumLibrary">
<doc>Navigates the current browser window to the provided ``url``.</doc>
<arguments>
<arg>${url}</arg>
</arguments>
<msg timestamp="20210727 19:17:27.272" level="INFO">Opening url 'https://rc-webm.rctiplus.com/login'</msg>
<status status="PASS" starttime="20210727 19:17:27.271" endtime="20210727 19:17:33.739"></status>
</kw>
<status status="PASS" starttime="20210727 19:17:25.513" endtime="20210727 19:17:33.739"></status>
</kw>
<kw name="Given user go to the forgot password page" library="forgot_passwordKeywords">
<kw name="Wait Until Element Is Visible" library="SeleniumLibrary">
<doc>Waits until the element ``locator`` is visible.</doc>
<arguments>
<arg>${fgtpassbtn}</arg>
</arguments>
<status status="PASS" starttime="20210727 19:17:33.743" endtime="20210727 19:17:33.799"></status>
</kw>
<kw name="Click Element" library="SeleniumLibrary">
<doc>Click the element identified by ``locator``.</doc>
<arguments>
<arg>${fgtpassbtn}</arg>
</arguments>
<msg timestamp="20210727 19:17:33.799" level="INFO">Clicking element 'id:forgot-password-link'.</msg>
<status status="PASS" starttime="20210727 19:17:33.799" endtime="20210727 19:17:36.346"></status>
</kw>
<status status="PASS" starttime="20210727 19:17:33.742" endtime="20210727 19:17:36.346"></status>
</kw>
<kw name="When user insert 08912345678 in the field" library="forgot_passwordKeywords">
<kw name="Wait Until Element Is Visible" library="SeleniumLibrary">
<doc>Waits until the element ``locator`` is visible.</doc>
<arguments>
<arg>${username}</arg>
</arguments>
<status status="PASS" starttime="20210727 19:17:36.349" endtime="20210727 19:17:36.403"></status>
</kw>
<kw name="Input Text" library="SeleniumLibrary">
<doc>Types the given ``text`` into the text field identified by ``locator``.</doc>
<arguments>
<arg>${username}</arg>
<arg>${number}</arg>
</arguments>
<msg timestamp="20210727 19:17:36.404" level="INFO">Typing text '08912345678' into text field 'id:input-email-phone'.</msg>
<status status="PASS" starttime="20210727 19:17:36.403" endtime="20210727 19:17:36.629"></status>
</kw>
<status status="PASS" starttime="20210727 19:17:36.348" endtime="20210727 19:17:36.629"></status>
</kw>
<kw name="Then alert should be : Please Try Again Phone Number Is Incorrect" library="forgot_passwordKeywords">
<kw name="Wait Until Element Is Visible" library="SeleniumLibrary">
<doc>Waits until the element ``locator`` is visible.</doc>
<arguments>
<arg>${feedback}</arg>
</arguments>
<status status="PASS" starttime="20210727 19:17:36.630" endtime="20210727 19:17:39.701"></status>
</kw>
<kw name="Element Should Contain" library="SeleniumLibrary">
<doc>Verifies that element ``locator`` contains text ``expected``.</doc>
<arguments>
<arg>${feedback}</arg>
<arg>${alert}</arg>
</arguments>
<msg timestamp="20210727 19:17:39.771" level="INFO">Element 'id:invalid-feedback' contains text 'Please Try Again Phone Number Is Incorrect'.</msg>
<status status="PASS" starttime="20210727 19:17:39.701" endtime="20210727 19:17:39.771"></status>
</kw>
<status status="PASS" starttime="20210727 19:17:36.630" endtime="20210727 19:17:39.771"></status>
</kw>
<kw name="Close my Browser" library="Setup" type="teardown">
<kw name="Close All Browsers" library="SeleniumLibrary">
<doc>Closes all open browsers and resets the browser cache.</doc>
<status status="PASS" starttime="20210727 19:17:39.778" endtime="20210727 19:17:42.080"></status>
</kw>
<status status="PASS" starttime="20210727 19:17:39.778" endtime="20210727 19:17:42.081"></status>
</kw>
<status status="PASS" starttime="20210727 19:17:25.512" endtime="20210727 19:17:42.082" critical="yes"></status>
</test>
<test id="s1-t2" name="Incorrect email alert">
<kw name="Chrome Mobile Go To URL" library="Setup" type="setup">
<doc>Starts a Chrome Browser in Mobile Emulation with specified device model</doc>
<arguments>
<arg>${siteUrl}</arg>
</arguments>
<kw name="Evaluate" library="BuiltIn">
<doc>Evaluates the given expression in Python and returns the result.</doc>
<arguments>
<arg>sys.modules['selenium.webdriver'].ChromeOptions()</arg>
<arg>sys, selenium.webdriver</arg>
</arguments>
<assign>
<var>${options}</var>
</assign>
<msg timestamp="20210727 19:17:42.086" level="INFO">${options} = &lt;selenium.webdriver.chrome.options.Options object at 0x00000152C9559A00&gt;</msg>
<status status="PASS" starttime="20210727 19:17:42.086" endtime="20210727 19:17:42.086"></status>
</kw>
<kw name="Create Dictionary" library="BuiltIn">
<doc>Creates and returns a dictionary based on the given ``items``.</doc>
<arguments>
<arg>deviceName=${mobile}</arg>
</arguments>
<assign>
<var>&amp;{mobile_emulation}</var>
</assign>
<msg timestamp="20210727 19:17:42.086" level="INFO">&amp;{mobile_emulation} = { deviceName=Galaxy S5 }</msg>
<status status="PASS" starttime="20210727 19:17:42.086" endtime="20210727 19:17:42.086"></status>
</kw>
<kw name="Call Method" library="BuiltIn">
<doc>Calls the named method of the given object with the provided arguments.</doc>
<arguments>
<arg>${options}</arg>
<arg>add_experimental_option</arg>
<arg>mobileEmulation</arg>
<arg>${mobile_emulation}</arg>
</arguments>
<status status="PASS" starttime="20210727 19:17:42.086" endtime="20210727 19:17:42.086"></status>
</kw>
<kw name="Call Method" library="BuiltIn">
<doc>Calls the named method of the given object with the provided arguments.</doc>
<arguments>
<arg>${options}</arg>
<arg>add_argument</arg>
<arg>disable-gpu</arg>
</arguments>
<status status="PASS" starttime="20210727 19:17:42.086" endtime="20210727 19:17:42.086"></status>
</kw>
<kw name="Call Method" library="BuiltIn">
<doc>Calls the named method of the given object with the provided arguments.</doc>
<arguments>
<arg>${options}</arg>
<arg>add_argument</arg>
<arg>disable-popup-blocking</arg>
</arguments>
<status status="PASS" starttime="20210727 19:17:42.086" endtime="20210727 19:17:42.086"></status>
</kw>
<kw name="Call Method" library="BuiltIn">
<doc>Calls the named method of the given object with the provided arguments.</doc>
<arguments>
<arg>${options}</arg>
<arg>add_argument</arg>
<arg>no-sandbox</arg>
</arguments>
<status status="PASS" starttime="20210727 19:17:42.086" endtime="20210727 19:17:42.086"></status>
</kw>
<kw name="Call Method" library="BuiltIn">
<doc>Calls the named method of the given object with the provided arguments.</doc>
<arguments>
<arg>${options}</arg>
<arg>add_argument</arg>
<arg>disable-infobars</arg>
</arguments>
<status status="PASS" starttime="20210727 19:17:42.086" endtime="20210727 19:17:42.086"></status>
</kw>
<kw name="Call Method" library="BuiltIn">
<doc>Calls the named method of the given object with the provided arguments.</doc>
<arguments>
<arg>${options}</arg>
<arg>to_capabilities</arg>
</arguments>
<assign>
<var>${desiredcap}</var>
</assign>
<msg timestamp="20210727 19:17:42.086" level="INFO">${desiredcap} = {'browserName': 'chrome', 'version': '', 'platform': 'ANY', 'goog:chromeOptions': {'mobileEmulation': {'deviceName': 'Galaxy S5'}, 'extensions': [], 'args': ['disable-gpu', 'disable-popup-blocking', '...</msg>
<status status="PASS" starttime="20210727 19:17:42.086" endtime="20210727 19:17:42.086"></status>
</kw>
<kw name="Create Webdriver" library="SeleniumLibrary">
<doc>Creates an instance of Selenium WebDriver.</doc>
<arguments>
<arg>Chrome</arg>
<arg>${url}</arg>
<arg>chrome_options=${options}</arg>
<arg>desired_capabilities=${desiredcap}</arg>
</arguments>
<msg timestamp="20210727 19:17:42.086" level="INFO">Creating an instance of the Chrome WebDriver.</msg>
<status status="PASS" starttime="20210727 19:17:42.086" endtime="20210727 19:17:46.310"></status>
</kw>
<kw name="Go To" library="SeleniumLibrary">
<doc>Navigates the current browser window to the provided ``url``.</doc>
<arguments>
<arg>${url}</arg>
</arguments>
<msg timestamp="20210727 19:17:46.310" level="INFO">Opening url 'https://rc-webm.rctiplus.com/login'</msg>
<status status="PASS" starttime="20210727 19:17:46.310" endtime="20210727 19:17:52.988"></status>
</kw>
<status status="PASS" starttime="20210727 19:17:42.085" endtime="20210727 19:17:52.989"></status>
</kw>
<kw name="Given user go to the forgot password page" library="forgot_passwordKeywords">
<kw name="Wait Until Element Is Visible" library="SeleniumLibrary">
<doc>Waits until the element ``locator`` is visible.</doc>
<arguments>
<arg>${fgtpassbtn}</arg>
</arguments>
<status status="PASS" starttime="20210727 19:17:52.992" endtime="20210727 19:17:53.067"></status>
</kw>
<kw name="Click Element" library="SeleniumLibrary">
<doc>Click the element identified by ``locator``.</doc>
<arguments>
<arg>${fgtpassbtn}</arg>
</arguments>
<msg timestamp="20210727 19:17:53.068" level="INFO">Clicking element 'id:forgot-password-link'.</msg>
<status status="PASS" starttime="20210727 19:17:53.068" endtime="20210727 19:17:54.495"></status>
</kw>
<status status="PASS" starttime="20210727 19:17:52.992" endtime="20210727 19:17:54.496"></status>
</kw>
<kw name="When user insert ahmadchmed in the field" library="forgot_passwordKeywords">
<kw name="Wait Until Element Is Visible" library="SeleniumLibrary">
<doc>Waits until the element ``locator`` is visible.</doc>
<arguments>
<arg>${username}</arg>
</arguments>
<status status="PASS" starttime="20210727 19:17:54.500" endtime="20210727 19:17:54.780"></status>
</kw>
<kw name="Input Text" library="SeleniumLibrary">
<doc>Types the given ``text`` into the text field identified by ``locator``.</doc>
<arguments>
<arg>${username}</arg>
<arg>${number}</arg>
</arguments>
<msg timestamp="20210727 19:17:54.780" level="INFO">Typing text 'ahmadchmed' into text field 'id:input-email-phone'.</msg>
<status status="PASS" starttime="20210727 19:17:54.780" endtime="20210727 19:17:54.992"></status>
</kw>
<status status="PASS" starttime="20210727 19:17:54.499" endtime="20210727 19:17:54.992"></status>
</kw>
<kw name="Then alert should be : Please Try Again Email Is Incorrect" library="forgot_passwordKeywords">
<kw name="Wait Until Element Is Visible" library="SeleniumLibrary">
<doc>Waits until the element ``locator`` is visible.</doc>
<arguments>
<arg>${feedback}</arg>
</arguments>
<status status="PASS" starttime="20210727 19:17:54.994" endtime="20210727 19:17:55.712"></status>
</kw>
<kw name="Element Should Contain" library="SeleniumLibrary">
<doc>Verifies that element ``locator`` contains text ``expected``.</doc>
<arguments>
<arg>${feedback}</arg>
<arg>${alert}</arg>
</arguments>
<msg timestamp="20210727 19:17:55.740" level="INFO">Element 'id:invalid-feedback' contains text 'Please Try Again Email Is Incorrect'.</msg>
<status status="PASS" starttime="20210727 19:17:55.712" endtime="20210727 19:17:55.740"></status>
</kw>
<status status="PASS" starttime="20210727 19:17:54.993" endtime="20210727 19:17:55.740"></status>
</kw>
<kw name="Close my Browser" library="Setup" type="teardown">
<kw name="Close All Browsers" library="SeleniumLibrary">
<doc>Closes all open browsers and resets the browser cache.</doc>
<status status="PASS" starttime="20210727 19:17:55.742" endtime="20210727 19:17:58.046"></status>
</kw>
<status status="PASS" starttime="20210727 19:17:55.741" endtime="20210727 19:17:58.046"></status>
</kw>
<status status="PASS" starttime="20210727 19:17:42.085" endtime="20210727 19:17:58.047" critical="yes"></status>
</test>
<test id="s1-t3" name="Incorrect phone number alert">
<kw name="Chrome Mobile Go To URL" library="Setup" type="setup">
<doc>Starts a Chrome Browser in Mobile Emulation with specified device model</doc>
<arguments>
<arg>${siteUrl}</arg>
</arguments>
<kw name="Evaluate" library="BuiltIn">
<doc>Evaluates the given expression in Python and returns the result.</doc>
<arguments>
<arg>sys.modules['selenium.webdriver'].ChromeOptions()</arg>
<arg>sys, selenium.webdriver</arg>
</arguments>
<assign>
<var>${options}</var>
</assign>
<msg timestamp="20210727 19:17:58.052" level="INFO">${options} = &lt;selenium.webdriver.chrome.options.Options object at 0x00000152C956AEE0&gt;</msg>
<status status="PASS" starttime="20210727 19:17:58.052" endtime="20210727 19:17:58.052"></status>
</kw>
<kw name="Create Dictionary" library="BuiltIn">
<doc>Creates and returns a dictionary based on the given ``items``.</doc>
<arguments>
<arg>deviceName=${mobile}</arg>
</arguments>
<assign>
<var>&amp;{mobile_emulation}</var>
</assign>
<msg timestamp="20210727 19:17:58.052" level="INFO">&amp;{mobile_emulation} = { deviceName=Galaxy S5 }</msg>
<status status="PASS" starttime="20210727 19:17:58.052" endtime="20210727 19:17:58.052"></status>
</kw>
<kw name="Call Method" library="BuiltIn">
<doc>Calls the named method of the given object with the provided arguments.</doc>
<arguments>
<arg>${options}</arg>
<arg>add_experimental_option</arg>
<arg>mobileEmulation</arg>
<arg>${mobile_emulation}</arg>
</arguments>
<status status="PASS" starttime="20210727 19:17:58.052" endtime="20210727 19:17:58.052"></status>
</kw>
<kw name="Call Method" library="BuiltIn">
<doc>Calls the named method of the given object with the provided arguments.</doc>
<arguments>
<arg>${options}</arg>
<arg>add_argument</arg>
<arg>disable-gpu</arg>
</arguments>
<status status="PASS" starttime="20210727 19:17:58.052" endtime="20210727 19:17:58.052"></status>
</kw>
<kw name="Call Method" library="BuiltIn">
<doc>Calls the named method of the given object with the provided arguments.</doc>
<arguments>
<arg>${options}</arg>
<arg>add_argument</arg>
<arg>disable-popup-blocking</arg>
</arguments>
<status status="PASS" starttime="20210727 19:17:58.052" endtime="20210727 19:17:58.052"></status>
</kw>
<kw name="Call Method" library="BuiltIn">
<doc>Calls the named method of the given object with the provided arguments.</doc>
<arguments>
<arg>${options}</arg>
<arg>add_argument</arg>
<arg>no-sandbox</arg>
</arguments>
<status status="PASS" starttime="20210727 19:17:58.052" endtime="20210727 19:17:58.052"></status>
</kw>
<kw name="Call Method" library="BuiltIn">
<doc>Calls the named method of the given object with the provided arguments.</doc>
<arguments>
<arg>${options}</arg>
<arg>add_argument</arg>
<arg>disable-infobars</arg>
</arguments>
<status status="PASS" starttime="20210727 19:17:58.052" endtime="20210727 19:17:58.052"></status>
</kw>
<kw name="Call Method" library="BuiltIn">
<doc>Calls the named method of the given object with the provided arguments.</doc>
<arguments>
<arg>${options}</arg>
<arg>to_capabilities</arg>
</arguments>
<assign>
<var>${desiredcap}</var>
</assign>
<msg timestamp="20210727 19:17:58.052" level="INFO">${desiredcap} = {'browserName': 'chrome', 'version': '', 'platform': 'ANY', 'goog:chromeOptions': {'mobileEmulation': {'deviceName': 'Galaxy S5'}, 'extensions': [], 'args': ['disable-gpu', 'disable-popup-blocking', '...</msg>
<status status="PASS" starttime="20210727 19:17:58.052" endtime="20210727 19:17:58.052"></status>
</kw>
<kw name="Create Webdriver" library="SeleniumLibrary">
<doc>Creates an instance of Selenium WebDriver.</doc>
<arguments>
<arg>Chrome</arg>
<arg>${url}</arg>
<arg>chrome_options=${options}</arg>
<arg>desired_capabilities=${desiredcap}</arg>
</arguments>
<msg timestamp="20210727 19:17:58.052" level="INFO">Creating an instance of the Chrome WebDriver.</msg>
<status status="PASS" starttime="20210727 19:17:58.052" endtime="20210727 19:17:59.986"></status>
</kw>
<kw name="Go To" library="SeleniumLibrary">
<doc>Navigates the current browser window to the provided ``url``.</doc>
<arguments>
<arg>${url}</arg>
</arguments>
<msg timestamp="20210727 19:17:59.987" level="INFO">Opening url 'https://rc-webm.rctiplus.com/login'</msg>
<status status="PASS" starttime="20210727 19:17:59.987" endtime="20210727 19:18:12.637"></status>
</kw>
<status status="PASS" starttime="20210727 19:17:58.052" endtime="20210727 19:18:12.638"></status>
</kw>
<kw name="Given user go to the forgot password page" library="forgot_passwordKeywords">
<kw name="Wait Until Element Is Visible" library="SeleniumLibrary">
<doc>Waits until the element ``locator`` is visible.</doc>
<arguments>
<arg>${fgtpassbtn}</arg>
</arguments>
<status status="PASS" starttime="20210727 19:18:12.640" endtime="20210727 19:18:12.691"></status>
</kw>
<kw name="Click Element" library="SeleniumLibrary">
<doc>Click the element identified by ``locator``.</doc>
<arguments>
<arg>${fgtpassbtn}</arg>
</arguments>
<msg timestamp="20210727 19:18:12.693" level="INFO">Clicking element 'id:forgot-password-link'.</msg>
<status status="PASS" starttime="20210727 19:18:12.692" endtime="20210727 19:18:16.045"></status>
</kw>
<status status="PASS" starttime="20210727 19:18:12.639" endtime="20210727 19:18:16.046"></status>
</kw>
<kw name="When user insert 12345678 in the field" library="forgot_passwordKeywords">
<kw name="Wait Until Element Is Visible" library="SeleniumLibrary">
<doc>Waits until the element ``locator`` is visible.</doc>
<arguments>
<arg>${username}</arg>
</arguments>
<status status="PASS" starttime="20210727 19:18:16.047" endtime="20210727 19:18:16.104"></status>
</kw>
<kw name="Input Text" library="SeleniumLibrary">
<doc>Types the given ``text`` into the text field identified by ``locator``.</doc>
<arguments>
<arg>${username}</arg>
<arg>${number}</arg>
</arguments>
<msg timestamp="20210727 19:18:16.104" level="INFO">Typing text '12345678' into text field 'id:input-email-phone'.</msg>
<status status="PASS" starttime="20210727 19:18:16.104" endtime="20210727 19:18:16.390"></status>
</kw>
<status status="PASS" starttime="20210727 19:18:16.047" endtime="20210727 19:18:16.390"></status>
</kw>
<kw name="Then alert should be : Please Try Again Phone Number Is Incorrect" library="forgot_passwordKeywords">
<kw name="Wait Until Element Is Visible" library="SeleniumLibrary">
<doc>Waits until the element ``locator`` is visible.</doc>
<arguments>
<arg>${feedback}</arg>
</arguments>
<status status="PASS" starttime="20210727 19:18:16.391" endtime="20210727 19:18:17.136"></status>
</kw>
<kw name="Element Should Contain" library="SeleniumLibrary">
<doc>Verifies that element ``locator`` contains text ``expected``.</doc>
<arguments>
<arg>${feedback}</arg>
<arg>${alert}</arg>
</arguments>
<msg timestamp="20210727 19:18:17.163" level="INFO">Element 'id:invalid-feedback' contains text 'Please Try Again Phone Number Is Incorrect'.</msg>
<status status="PASS" starttime="20210727 19:18:17.136" endtime="20210727 19:18:17.163"></status>
</kw>
<status status="PASS" starttime="20210727 19:18:16.391" endtime="20210727 19:18:17.164"></status>
</kw>
<kw name="Close my Browser" library="Setup" type="teardown">
<kw name="Close All Browsers" library="SeleniumLibrary">
<doc>Closes all open browsers and resets the browser cache.</doc>
<status status="PASS" starttime="20210727 19:18:17.165" endtime="20210727 19:18:19.455"></status>
</kw>
<status status="PASS" starttime="20210727 19:18:17.164" endtime="20210727 19:18:19.455"></status>
</kw>
<status status="PASS" starttime="20210727 19:17:58.050" endtime="20210727 19:18:19.456" critical="yes"></status>
</test>
<test id="s1-t4" name="Insert less than 6 character alert">
<kw name="Chrome Mobile Go To URL" library="Setup" type="setup">
<doc>Starts a Chrome Browser in Mobile Emulation with specified device model</doc>
<arguments>
<arg>${siteUrl}</arg>
</arguments>
<kw name="Evaluate" library="BuiltIn">
<doc>Evaluates the given expression in Python and returns the result.</doc>
<arguments>
<arg>sys.modules['selenium.webdriver'].ChromeOptions()</arg>
<arg>sys, selenium.webdriver</arg>
</arguments>
<assign>
<var>${options}</var>
</assign>
<msg timestamp="20210727 19:18:19.460" level="INFO">${options} = &lt;selenium.webdriver.chrome.options.Options object at 0x00000152C9570370&gt;</msg>
<status status="PASS" starttime="20210727 19:18:19.460" endtime="20210727 19:18:19.460"></status>
</kw>
<kw name="Create Dictionary" library="BuiltIn">
<doc>Creates and returns a dictionary based on the given ``items``.</doc>
<arguments>
<arg>deviceName=${mobile}</arg>
</arguments>
<assign>
<var>&amp;{mobile_emulation}</var>
</assign>
<msg timestamp="20210727 19:18:19.460" level="INFO">&amp;{mobile_emulation} = { deviceName=Galaxy S5 }</msg>
<status status="PASS" starttime="20210727 19:18:19.460" endtime="20210727 19:18:19.460"></status>
</kw>
<kw name="Call Method" library="BuiltIn">
<doc>Calls the named method of the given object with the provided arguments.</doc>
<arguments>
<arg>${options}</arg>
<arg>add_experimental_option</arg>
<arg>mobileEmulation</arg>
<arg>${mobile_emulation}</arg>
</arguments>
<status status="PASS" starttime="20210727 19:18:19.460" endtime="20210727 19:18:19.460"></status>
</kw>
<kw name="Call Method" library="BuiltIn">
<doc>Calls the named method of the given object with the provided arguments.</doc>
<arguments>
<arg>${options}</arg>
<arg>add_argument</arg>
<arg>disable-gpu</arg>
</arguments>
<status status="PASS" starttime="20210727 19:18:19.460" endtime="20210727 19:18:19.460"></status>
</kw>
<kw name="Call Method" library="BuiltIn">
<doc>Calls the named method of the given object with the provided arguments.</doc>
<arguments>
<arg>${options}</arg>
<arg>add_argument</arg>
<arg>disable-popup-blocking</arg>
</arguments>
<status status="PASS" starttime="20210727 19:18:19.460" endtime="20210727 19:18:19.460"></status>
</kw>
<kw name="Call Method" library="BuiltIn">
<doc>Calls the named method of the given object with the provided arguments.</doc>
<arguments>
<arg>${options}</arg>
<arg>add_argument</arg>
<arg>no-sandbox</arg>
</arguments>
<status status="PASS" starttime="20210727 19:18:19.460" endtime="20210727 19:18:19.460"></status>
</kw>
<kw name="Call Method" library="BuiltIn">
<doc>Calls the named method of the given object with the provided arguments.</doc>
<arguments>
<arg>${options}</arg>
<arg>add_argument</arg>
<arg>disable-infobars</arg>
</arguments>
<status status="PASS" starttime="20210727 19:18:19.460" endtime="20210727 19:18:19.460"></status>
</kw>
<kw name="Call Method" library="BuiltIn">
<doc>Calls the named method of the given object with the provided arguments.</doc>
<arguments>
<arg>${options}</arg>
<arg>to_capabilities</arg>
</arguments>
<assign>
<var>${desiredcap}</var>
</assign>
<msg timestamp="20210727 19:18:19.460" level="INFO">${desiredcap} = {'browserName': 'chrome', 'version': '', 'platform': 'ANY', 'goog:chromeOptions': {'mobileEmulation': {'deviceName': 'Galaxy S5'}, 'extensions': [], 'args': ['disable-gpu', 'disable-popup-blocking', '...</msg>
<status status="PASS" starttime="20210727 19:18:19.460" endtime="20210727 19:18:19.460"></status>
</kw>
<kw name="Create Webdriver" library="SeleniumLibrary">
<doc>Creates an instance of Selenium WebDriver.</doc>
<arguments>
<arg>Chrome</arg>
<arg>${url}</arg>
<arg>chrome_options=${options}</arg>
<arg>desired_capabilities=${desiredcap}</arg>
</arguments>
<msg timestamp="20210727 19:18:19.460" level="INFO">Creating an instance of the Chrome WebDriver.</msg>
<status status="PASS" starttime="20210727 19:18:19.460" endtime="20210727 19:18:21.164"></status>
</kw>
<kw name="Go To" library="SeleniumLibrary">
<doc>Navigates the current browser window to the provided ``url``.</doc>
<arguments>
<arg>${url}</arg>
</arguments>
<msg timestamp="20210727 19:18:21.165" level="INFO">Opening url 'https://rc-webm.rctiplus.com/login'</msg>
<status status="PASS" starttime="20210727 19:18:21.164" endtime="20210727 19:18:26.889"></status>
</kw>
<status status="PASS" starttime="20210727 19:18:19.460" endtime="20210727 19:18:26.890"></status>
</kw>
<kw name="Given user go to the forgot password page" library="forgot_passwordKeywords">
<kw name="Wait Until Element Is Visible" library="SeleniumLibrary">
<doc>Waits until the element ``locator`` is visible.</doc>
<arguments>
<arg>${fgtpassbtn}</arg>
</arguments>
<status status="PASS" starttime="20210727 19:18:26.892" endtime="20210727 19:18:26.957"></status>
</kw>
<kw name="Click Element" library="SeleniumLibrary">
<doc>Click the element identified by ``locator``.</doc>
<arguments>
<arg>${fgtpassbtn}</arg>
</arguments>
<msg timestamp="20210727 19:18:26.959" level="INFO">Clicking element 'id:forgot-password-link'.</msg>
<status status="PASS" starttime="20210727 19:18:26.957" endtime="20210727 19:18:28.462"></status>
</kw>
<status status="PASS" starttime="20210727 19:18:26.891" endtime="20210727 19:18:28.462"></status>
</kw>
<kw name="When user insert 1234 in the field" library="forgot_passwordKeywords">
<kw name="Wait Until Element Is Visible" library="SeleniumLibrary">
<doc>Waits until the element ``locator`` is visible.</doc>
<arguments>
<arg>${username}</arg>
</arguments>
<status status="PASS" starttime="20210727 19:18:28.464" endtime="20210727 19:18:42.638"></status>
</kw>
<kw name="Input Text" library="SeleniumLibrary">
<doc>Types the given ``text`` into the text field identified by ``locator``.</doc>
<arguments>
<arg>${username}</arg>
<arg>${number}</arg>
</arguments>
<msg timestamp="20210727 19:18:42.639" level="INFO">Typing text '1234' into text field 'id:input-email-phone'.</msg>
<status status="PASS" starttime="20210727 19:18:42.638" endtime="20210727 19:18:42.829"></status>
</kw>
<status status="PASS" starttime="20210727 19:18:28.463" endtime="20210727 19:18:42.829"></status>
</kw>
<kw name="Then alert should be : Username must at least 6 characters" library="forgot_passwordKeywords">
<kw name="Wait Until Element Is Visible" library="SeleniumLibrary">
<doc>Waits until the element ``locator`` is visible.</doc>
<arguments>
<arg>${feedback}</arg>
</arguments>
<status status="PASS" starttime="20210727 19:18:42.830" endtime="20210727 19:18:42.858"></status>
</kw>
<kw name="Element Should Contain" library="SeleniumLibrary">
<doc>Verifies that element ``locator`` contains text ``expected``.</doc>
<arguments>
<arg>${feedback}</arg>
<arg>${alert}</arg>
</arguments>
<msg timestamp="20210727 19:18:42.885" level="INFO">Element 'id:invalid-feedback' contains text 'Username must at least 6 characters'.</msg>
<status status="PASS" starttime="20210727 19:18:42.858" endtime="20210727 19:18:42.885"></status>
</kw>
<status status="PASS" starttime="20210727 19:18:42.830" endtime="20210727 19:18:42.885"></status>
</kw>
<kw name="Close my Browser" library="Setup" type="teardown">
<kw name="Close All Browsers" library="SeleniumLibrary">
<doc>Closes all open browsers and resets the browser cache.</doc>
<status status="PASS" starttime="20210727 19:18:42.888" endtime="20210727 19:18:45.568"></status>
</kw>
<status status="PASS" starttime="20210727 19:18:42.887" endtime="20210727 19:18:45.569"></status>
</kw>
<status status="PASS" starttime="20210727 19:18:19.459" endtime="20210727 19:18:45.570" critical="yes"></status>
</test>
<status status="PASS" starttime="20210727 19:17:25.243" endtime="20210727 19:18:45.574"></status>
</suite>
<statistics>
<total>
<stat pass="4" fail="0">Critical Tests</stat>
<stat pass="4" fail="0">All Tests</stat>
</total>
<tag>
</tag>
<suite>
<stat pass="4" fail="0" id="s1" name="forgot passwordTest">forgot passwordTest</stat>
</suite>
</statistics>
<errors>
</errors>
</robot>
