<?xml version="1.0" encoding="UTF-8"?>
<robot generator="Robot 3.2.2 (Python 3.8.6 on win32)" generated="20210721 17:25:42.423" rpa="false">
<suite id="s1" name="Features" source="D:\webm\features">
<suite id="s1-s1" name="Live Chat" source="D:\webm\features\live_chat">
<suite id="s1-s1-s1" name="live chatTest" source="D:\webm\features\live_chat\live_chatTest.robot">
<test id="s1-s1-s1-t1" name="Send chat from Live TV RCTI channel">
<kw name="Chrome Mobile Go To URL" library="Setup" type="setup">
<doc>Starts a Chrome Browser in Mobile Emulation with specified device model</doc>
<arguments>
<arg>${siteUrl}</arg>
</arguments>
<kw name="Evaluate" library="BuiltIn">
<doc>Evaluates the given expression in Python and returns the result.</doc>
<arguments>
<arg>sys.modules['selenium.webdriver'].ChromeOptions()</arg>
<arg>sys, selenium.webdriver</arg>
</arguments>
<assign>
<var>${options}</var>
</assign>
<msg timestamp="20210721 17:25:46.483" level="INFO">${options} = &lt;selenium.webdriver.chrome.options.Options object at 0x0000020C309F00A0&gt;</msg>
<status status="PASS" starttime="20210721 17:25:46.482" endtime="20210721 17:25:46.484"></status>
</kw>
<kw name="Create Dictionary" library="BuiltIn">
<doc>Creates and returns a dictionary based on the given ``items``.</doc>
<arguments>
<arg>deviceName=${mobile}</arg>
</arguments>
<assign>
<var>&amp;{mobile_emulation}</var>
</assign>
<msg timestamp="20210721 17:25:46.486" level="INFO">&amp;{mobile_emulation} = { deviceName=Galaxy S5 }</msg>
<status status="PASS" starttime="20210721 17:25:46.484" endtime="20210721 17:25:46.486"></status>
</kw>
<kw name="Call Method" library="BuiltIn">
<doc>Calls the named method of the given object with the provided arguments.</doc>
<arguments>
<arg>${options}</arg>
<arg>add_experimental_option</arg>
<arg>mobileEmulation</arg>
<arg>${mobile_emulation}</arg>
</arguments>
<status status="PASS" starttime="20210721 17:25:46.487" endtime="20210721 17:25:46.488"></status>
</kw>
<kw name="Call Method" library="BuiltIn">
<doc>Calls the named method of the given object with the provided arguments.</doc>
<arguments>
<arg>${options}</arg>
<arg>add_argument</arg>
<arg>disable-gpu</arg>
</arguments>
<status status="PASS" starttime="20210721 17:25:46.488" endtime="20210721 17:25:46.489"></status>
</kw>
<kw name="Call Method" library="BuiltIn">
<doc>Calls the named method of the given object with the provided arguments.</doc>
<arguments>
<arg>${options}</arg>
<arg>add_argument</arg>
<arg>disable-popup-blocking</arg>
</arguments>
<status status="PASS" starttime="20210721 17:25:46.489" endtime="20210721 17:25:46.490"></status>
</kw>
<kw name="Call Method" library="BuiltIn">
<doc>Calls the named method of the given object with the provided arguments.</doc>
<arguments>
<arg>${options}</arg>
<arg>add_argument</arg>
<arg>no-sandbox</arg>
</arguments>
<status status="PASS" starttime="20210721 17:25:46.490" endtime="20210721 17:25:46.491"></status>
</kw>
<kw name="Call Method" library="BuiltIn">
<doc>Calls the named method of the given object with the provided arguments.</doc>
<arguments>
<arg>${options}</arg>
<arg>add_argument</arg>
<arg>disable-infobars</arg>
</arguments>
<status status="PASS" starttime="20210721 17:25:46.491" endtime="20210721 17:25:46.491"></status>
</kw>
<kw name="Call Method" library="BuiltIn">
<doc>Calls the named method of the given object with the provided arguments.</doc>
<arguments>
<arg>${options}</arg>
<arg>to_capabilities</arg>
</arguments>
<assign>
<var>${desiredcap}</var>
</assign>
<msg timestamp="20210721 17:25:46.492" level="INFO">${desiredcap} = {'browserName': 'chrome', 'version': '', 'platform': 'ANY', 'goog:chromeOptions': {'mobileEmulation': {'deviceName': 'Galaxy S5'}, 'extensions': [], 'args': ['disable-gpu', 'disable-popup-blocking', '...</msg>
<status status="PASS" starttime="20210721 17:25:46.492" endtime="20210721 17:25:46.492"></status>
</kw>
<kw name="Create Webdriver" library="SeleniumLibrary">
<doc>Creates an instance of Selenium WebDriver.</doc>
<arguments>
<arg>Chrome</arg>
<arg>chrome_options=${options}</arg>
<arg>desired_capabilities=${desiredcap}</arg>
</arguments>
<msg timestamp="20210721 17:25:46.493" level="INFO">Creating an instance of the Chrome WebDriver.</msg>
<status status="PASS" starttime="20210721 17:25:46.493" endtime="20210721 17:25:49.104"></status>
</kw>
<kw name="Go To" library="SeleniumLibrary">
<doc>Navigates the current browser window to the provided ``url``.</doc>
<arguments>
<arg>${url}</arg>
</arguments>
<msg timestamp="20210721 17:25:49.104" level="INFO">Opening url 'https://rc-webm.rctiplus.com'</msg>
<status status="PASS" starttime="20210721 17:25:49.104" endtime="20210721 17:26:09.048"></status>
</kw>
<status status="PASS" starttime="20210721 17:25:46.481" endtime="20210721 17:26:09.049"></status>
</kw>
<kw name="Given Login with valid credentials" library="live_chatKeywords">
<kw name="Set Selenium Speed" library="SeleniumLibrary">
<doc>Sets the delay that is waited after each Selenium command.</doc>
<arguments>
<arg>1 seconds</arg>
</arguments>
<status status="PASS" starttime="20210721 17:26:09.049" endtime="20210721 17:26:09.049"></status>
</kw>
<kw name="Wait Until Element Is Visible" library="SeleniumLibrary">
<doc>Waits until the element ``locator`` is visible.</doc>
<arguments>
<arg>${accountbtn}</arg>
</arguments>
<status status="PASS" starttime="20210721 17:26:09.049" endtime="20210721 17:26:11.394"></status>
</kw>
<kw name="Click Element" library="SeleniumLibrary">
<doc>Click the element identified by ``locator``.</doc>
<arguments>
<arg>${accountbtn}</arg>
</arguments>
<msg timestamp="20210721 17:26:11.395" level="INFO">Clicking element 'id:action-account'.</msg>
<status status="PASS" starttime="20210721 17:26:11.394" endtime="20210721 17:26:13.706"></status>
</kw>
<kw name="Sleep" library="BuiltIn">
<doc>Pauses the test executed for the given time.</doc>
<arguments>
<arg>3 seconds</arg>
</arguments>
<msg timestamp="20210721 17:26:16.723" level="INFO">Slept 3 seconds</msg>
<status status="PASS" starttime="20210721 17:26:13.706" endtime="20210721 17:26:16.723"></status>
</kw>
<kw name="Click Element" library="SeleniumLibrary">
<doc>Click the element identified by ``locator``.</doc>
<arguments>
<arg>${login}</arg>
</arguments>
<msg timestamp="20210721 17:26:16.724" level="INFO">Clicking element 'id:button-login'.</msg>
<status status="PASS" starttime="20210721 17:26:16.724" endtime="20210721 17:26:18.933"></status>
</kw>
<kw name="Wait Until Element Is Visible" library="SeleniumLibrary">
<doc>Waits until the element ``locator`` is visible.</doc>
<arguments>
<arg>${mailfield}</arg>
<arg>10 seconds</arg>
</arguments>
<status status="PASS" starttime="20210721 17:26:18.934" endtime="20210721 17:26:22.243"></status>
</kw>
<kw name="Input Text" library="SeleniumLibrary">
<doc>Types the given ``text`` into the text field identified by ``locator``.</doc>
<arguments>
<arg>${mailfield}</arg>
<arg>ahmadilham000@gmail.com</arg>
</arguments>
<msg timestamp="20210721 17:26:22.246" level="INFO">Typing text 'ahmadilham000@gmail.com' into text field 'id:email'.</msg>
<status status="PASS" starttime="20210721 17:26:22.245" endtime="20210721 17:26:27.349"></status>
</kw>
<kw name="Input Text" library="SeleniumLibrary">
<doc>Types the given ``text`` into the text field identified by ``locator``.</doc>
<arguments>
<arg>${passwordfield}</arg>
<arg>01101994</arg>
</arguments>
<msg timestamp="20210721 17:26:27.351" level="INFO">Typing text '01101994' into text field 'id:password'.</msg>
<status status="PASS" starttime="20210721 17:26:27.349" endtime="20210721 17:26:30.671"></status>
</kw>
<kw name="Click Element" library="SeleniumLibrary">
<doc>Click the element identified by ``locator``.</doc>
<arguments>
<arg>${login_btn}</arg>
</arguments>
<msg timestamp="20210721 17:26:30.673" level="INFO">Clicking element 'id:submit-login'.</msg>
<status status="PASS" starttime="20210721 17:26:30.672" endtime="20210721 17:26:32.889"></status>
</kw>
<kw name="Set Browser Implicit Wait" library="SeleniumLibrary">
<doc>Sets the implicit wait value used by Selenium.</doc>
<arguments>
<arg>5 seconds</arg>
</arguments>
<status status="PASS" starttime="20210721 17:26:32.890" endtime="20210721 17:26:33.906"></status>
</kw>
<status status="PASS" starttime="20210721 17:26:09.049" endtime="20210721 17:26:33.906"></status>
</kw>
<kw name="When user go to the &quot;RCTI&quot; channel" library="live_chatKeywords">
<kw name="Wait Until Element Is Visible" library="SeleniumLibrary">
<doc>Waits until the element ``locator`` is visible.</doc>
<arguments>
<arg>${livetvbtn}</arg>
<arg>15 seconds</arg>
</arguments>
<status status="PASS" starttime="20210721 17:26:33.907" endtime="20210721 17:26:36.162"></status>
</kw>
<kw name="Click Element" library="SeleniumLibrary">
<doc>Click the element identified by ``locator``.</doc>
<arguments>
<arg>${livetvbtn}</arg>
</arguments>
<msg timestamp="20210721 17:26:36.164" level="INFO">Clicking element 'id:action-live-tv'.</msg>
<status status="PASS" starttime="20210721 17:26:36.163" endtime="20210721 17:26:41.561"></status>
</kw>
<status status="PASS" starttime="20210721 17:26:33.907" endtime="20210721 17:26:41.562"></status>
</kw>
<kw name="And user send &quot;TestBot&quot; on the chat" library="live_chatKeywords">
<kw name="Wait Until Element Is Visible" library="SeleniumLibrary">
<doc>Waits until the element ``locator`` is visible.</doc>
<arguments>
<arg>${rctichannel}</arg>
<arg>15 seconds</arg>
</arguments>
<status status="PASS" starttime="20210721 17:26:41.564" endtime="20210721 17:26:43.690"></status>
</kw>
<kw name="Click Element" library="SeleniumLibrary">
<doc>Click the element identified by ``locator``.</doc>
<arguments>
<arg>${livechatbtn}</arg>
</arguments>
<msg timestamp="20210721 17:26:43.692" level="INFO">Clicking element 'id:btn-expand'.</msg>
<status status="PASS" starttime="20210721 17:26:43.691" endtime="20210721 17:26:46.010"></status>
</kw>
<kw name="Input Text" library="SeleniumLibrary">
<doc>Types the given ``text`` into the text field identified by ``locator``.</doc>
<arguments>
<arg>${chatinput}</arg>
<arg>TestBot</arg>
</arguments>
<msg timestamp="20210721 17:26:46.011" level="INFO">Typing text 'TestBot' into text field 'id:chat-input'.</msg>
<status status="PASS" starttime="20210721 17:26:46.010" endtime="20210721 17:26:49.321"></status>
</kw>
<kw name="Click Element" library="SeleniumLibrary">
<doc>Click the element identified by ``locator``.</doc>
<arguments>
<arg>${sentbtn}</arg>
</arguments>
<msg timestamp="20210721 17:26:49.322" level="INFO">Clicking element 'xpath://body/div[@id='__next']/div[1]/div[2]/div[1]/div[4]/div[2]/div[3]/div[1]/div[1]/div[3]/button[1]'.</msg>
<status status="PASS" starttime="20210721 17:26:49.321" endtime="20210721 17:26:51.540"></status>
</kw>
<status status="PASS" starttime="20210721 17:26:41.563" endtime="20210721 17:26:51.541"></status>
</kw>
<kw name="Then user validate the chat" library="live_chatKeywords">
<kw name="Wait Until Element Is Visible" library="SeleniumLibrary">
<doc>Waits until the element ``locator`` is visible.</doc>
<arguments>
<arg>${chatoutput}</arg>
<arg>15 seconds</arg>
</arguments>
<status status="PASS" starttime="20210721 17:26:51.542" endtime="20210721 17:26:53.610"></status>
</kw>
<kw name="Page Should Contain Element" library="SeleniumLibrary">
<doc>Verifies that element ``locator`` is found on the current page.</doc>
<arguments>
<arg>${chatoutput}</arg>
</arguments>
<msg timestamp="20210721 17:26:54.651" level="INFO">Current page contains element 'xpath://span[contains(text(),'TestBot')]'.</msg>
<status status="PASS" starttime="20210721 17:26:53.611" endtime="20210721 17:26:54.651"></status>
</kw>
<status status="PASS" starttime="20210721 17:26:51.541" endtime="20210721 17:26:54.652"></status>
</kw>
<kw name="Close my Browser" library="Setup" type="teardown">
<kw name="Close All Browsers" library="SeleniumLibrary">
<doc>Closes all open browsers and resets the browser cache.</doc>
<status status="PASS" starttime="20210721 17:26:54.653" endtime="20210721 17:26:59.272"></status>
</kw>
<status status="PASS" starttime="20210721 17:26:54.652" endtime="20210721 17:26:59.273"></status>
</kw>
<status status="PASS" starttime="20210721 17:25:46.478" endtime="20210721 17:26:59.273" critical="yes"></status>
</test>
<test id="s1-s1-s1-t2" name="Send chat from Live TV MNCTV channel">
<kw name="Chrome Mobile Go To URL" library="Setup" type="setup">
<doc>Starts a Chrome Browser in Mobile Emulation with specified device model</doc>
<arguments>
<arg>${siteUrl}</arg>
</arguments>
<kw name="Evaluate" library="BuiltIn">
<doc>Evaluates the given expression in Python and returns the result.</doc>
<arguments>
<arg>sys.modules['selenium.webdriver'].ChromeOptions()</arg>
<arg>sys, selenium.webdriver</arg>
</arguments>
<assign>
<var>${options}</var>
</assign>
<msg timestamp="20210721 17:26:59.277" level="INFO">${options} = &lt;selenium.webdriver.chrome.options.Options object at 0x0000020C30A488B0&gt;</msg>
<status status="PASS" starttime="20210721 17:26:59.277" endtime="20210721 17:26:59.277"></status>
</kw>
<kw name="Create Dictionary" library="BuiltIn">
<doc>Creates and returns a dictionary based on the given ``items``.</doc>
<arguments>
<arg>deviceName=${mobile}</arg>
</arguments>
<assign>
<var>&amp;{mobile_emulation}</var>
</assign>
<msg timestamp="20210721 17:26:59.280" level="INFO">&amp;{mobile_emulation} = { deviceName=Galaxy S5 }</msg>
<status status="PASS" starttime="20210721 17:26:59.278" endtime="20210721 17:26:59.280"></status>
</kw>
<kw name="Call Method" library="BuiltIn">
<doc>Calls the named method of the given object with the provided arguments.</doc>
<arguments>
<arg>${options}</arg>
<arg>add_experimental_option</arg>
<arg>mobileEmulation</arg>
<arg>${mobile_emulation}</arg>
</arguments>
<status status="PASS" starttime="20210721 17:26:59.280" endtime="20210721 17:26:59.281"></status>
</kw>
<kw name="Call Method" library="BuiltIn">
<doc>Calls the named method of the given object with the provided arguments.</doc>
<arguments>
<arg>${options}</arg>
<arg>add_argument</arg>
<arg>disable-gpu</arg>
</arguments>
<status status="PASS" starttime="20210721 17:26:59.281" endtime="20210721 17:26:59.282"></status>
</kw>
<kw name="Call Method" library="BuiltIn">
<doc>Calls the named method of the given object with the provided arguments.</doc>
<arguments>
<arg>${options}</arg>
<arg>add_argument</arg>
<arg>disable-popup-blocking</arg>
</arguments>
<status status="PASS" starttime="20210721 17:26:59.282" endtime="20210721 17:26:59.283"></status>
</kw>
<kw name="Call Method" library="BuiltIn">
<doc>Calls the named method of the given object with the provided arguments.</doc>
<arguments>
<arg>${options}</arg>
<arg>add_argument</arg>
<arg>no-sandbox</arg>
</arguments>
<status status="PASS" starttime="20210721 17:26:59.283" endtime="20210721 17:26:59.284"></status>
</kw>
<kw name="Call Method" library="BuiltIn">
<doc>Calls the named method of the given object with the provided arguments.</doc>
<arguments>
<arg>${options}</arg>
<arg>add_argument</arg>
<arg>disable-infobars</arg>
</arguments>
<status status="PASS" starttime="20210721 17:26:59.284" endtime="20210721 17:26:59.284"></status>
</kw>
<kw name="Call Method" library="BuiltIn">
<doc>Calls the named method of the given object with the provided arguments.</doc>
<arguments>
<arg>${options}</arg>
<arg>to_capabilities</arg>
</arguments>
<assign>
<var>${desiredcap}</var>
</assign>
<msg timestamp="20210721 17:26:59.285" level="INFO">${desiredcap} = {'browserName': 'chrome', 'version': '', 'platform': 'ANY', 'goog:chromeOptions': {'mobileEmulation': {'deviceName': 'Galaxy S5'}, 'extensions': [], 'args': ['disable-gpu', 'disable-popup-blocking', '...</msg>
<status status="PASS" starttime="20210721 17:26:59.285" endtime="20210721 17:26:59.285"></status>
</kw>
<kw name="Create Webdriver" library="SeleniumLibrary">
<doc>Creates an instance of Selenium WebDriver.</doc>
<arguments>
<arg>Chrome</arg>
<arg>chrome_options=${options}</arg>
<arg>desired_capabilities=${desiredcap}</arg>
</arguments>
<msg timestamp="20210721 17:26:59.287" level="INFO">Creating an instance of the Chrome WebDriver.</msg>
<status status="PASS" starttime="20210721 17:26:59.285" endtime="20210721 17:27:01.141"></status>
</kw>
<kw name="Go To" library="SeleniumLibrary">
<doc>Navigates the current browser window to the provided ``url``.</doc>
<arguments>
<arg>${url}</arg>
</arguments>
<msg timestamp="20210721 17:27:01.142" level="INFO">Opening url 'https://rc-webm.rctiplus.com'</msg>
<status status="PASS" starttime="20210721 17:27:01.142" endtime="20210721 17:27:30.335"></status>
</kw>
<status status="PASS" starttime="20210721 17:26:59.276" endtime="20210721 17:27:30.335"></status>
</kw>
<kw name="Given Login with valid credentials" library="live_chatKeywords">
<kw name="Set Selenium Speed" library="SeleniumLibrary">
<doc>Sets the delay that is waited after each Selenium command.</doc>
<arguments>
<arg>1 seconds</arg>
</arguments>
<status status="PASS" starttime="20210721 17:27:30.335" endtime="20210721 17:27:30.335"></status>
</kw>
<kw name="Wait Until Element Is Visible" library="SeleniumLibrary">
<doc>Waits until the element ``locator`` is visible.</doc>
<arguments>
<arg>${accountbtn}</arg>
</arguments>
<status status="PASS" starttime="20210721 17:27:30.338" endtime="20210721 17:27:32.464"></status>
</kw>
<kw name="Click Element" library="SeleniumLibrary">
<doc>Click the element identified by ``locator``.</doc>
<arguments>
<arg>${accountbtn}</arg>
</arguments>
<msg timestamp="20210721 17:27:32.465" level="INFO">Clicking element 'id:action-account'.</msg>
<status status="PASS" starttime="20210721 17:27:32.464" endtime="20210721 17:27:34.719"></status>
</kw>
<kw name="Sleep" library="BuiltIn">
<doc>Pauses the test executed for the given time.</doc>
<arguments>
<arg>3 seconds</arg>
</arguments>
<msg timestamp="20210721 17:27:37.732" level="INFO">Slept 3 seconds</msg>
<status status="PASS" starttime="20210721 17:27:34.723" endtime="20210721 17:27:37.732"></status>
</kw>
<kw name="Click Element" library="SeleniumLibrary">
<doc>Click the element identified by ``locator``.</doc>
<arguments>
<arg>${login}</arg>
</arguments>
<msg timestamp="20210721 17:27:37.734" level="INFO">Clicking element 'id:button-login'.</msg>
<status status="PASS" starttime="20210721 17:27:37.733" endtime="20210721 17:27:39.966"></status>
</kw>
<kw name="Wait Until Element Is Visible" library="SeleniumLibrary">
<doc>Waits until the element ``locator`` is visible.</doc>
<arguments>
<arg>${mailfield}</arg>
<arg>10 seconds</arg>
</arguments>
<status status="PASS" starttime="20210721 17:27:39.966" endtime="20210721 17:27:42.038"></status>
</kw>
<kw name="Input Text" library="SeleniumLibrary">
<doc>Types the given ``text`` into the text field identified by ``locator``.</doc>
<arguments>
<arg>${mailfield}</arg>
<arg>ahmadilham000@gmail.com</arg>
</arguments>
<msg timestamp="20210721 17:27:42.039" level="INFO">Typing text 'ahmadilham000@gmail.com' into text field 'id:email'.</msg>
<status status="PASS" starttime="20210721 17:27:42.039" endtime="20210721 17:27:45.520"></status>
</kw>
<kw name="Input Text" library="SeleniumLibrary">
<doc>Types the given ``text`` into the text field identified by ``locator``.</doc>
<arguments>
<arg>${passwordfield}</arg>
<arg>01101994</arg>
</arguments>
<msg timestamp="20210721 17:27:45.521" level="INFO">Typing text '01101994' into text field 'id:password'.</msg>
<status status="PASS" starttime="20210721 17:27:45.520" endtime="20210721 17:27:48.794"></status>
</kw>
<kw name="Click Element" library="SeleniumLibrary">
<doc>Click the element identified by ``locator``.</doc>
<arguments>
<arg>${login_btn}</arg>
</arguments>
<msg timestamp="20210721 17:27:48.794" level="INFO">Clicking element 'id:submit-login'.</msg>
<status status="PASS" starttime="20210721 17:27:48.794" endtime="20210721 17:27:51.106"></status>
</kw>
<kw name="Set Browser Implicit Wait" library="SeleniumLibrary">
<doc>Sets the implicit wait value used by Selenium.</doc>
<arguments>
<arg>5 seconds</arg>
</arguments>
<status status="PASS" starttime="20210721 17:27:51.107" endtime="20210721 17:27:52.122"></status>
</kw>
<status status="PASS" starttime="20210721 17:27:30.335" endtime="20210721 17:27:52.123"></status>
</kw>
<kw name="When user go to the &quot;MNCTV&quot; channel" library="live_chatKeywords">
<kw name="Wait Until Element Is Visible" library="SeleniumLibrary">
<doc>Waits until the element ``locator`` is visible.</doc>
<arguments>
<arg>${livetvbtn}</arg>
<arg>15 seconds</arg>
</arguments>
<status status="PASS" starttime="20210721 17:27:52.126" endtime="20210721 17:27:54.210"></status>
</kw>
<kw name="Click Element" library="SeleniumLibrary">
<doc>Click the element identified by ``locator``.</doc>
<arguments>
<arg>${livetvbtn}</arg>
</arguments>
<msg timestamp="20210721 17:27:54.214" level="INFO">Clicking element 'id:action-live-tv'.</msg>
<status status="PASS" starttime="20210721 17:27:54.212" endtime="20210721 17:28:00.635"></status>
</kw>
<kw name="Wait Until Element Is Visible" library="SeleniumLibrary">
<doc>Waits until the element ``locator`` is visible.</doc>
<arguments>
<arg>${mnctvchannel}</arg>
<arg>15 seconds</arg>
</arguments>
<status status="PASS" starttime="20210721 17:28:00.636" endtime="20210721 17:28:02.717"></status>
</kw>
<kw name="Click Element" library="SeleniumLibrary">
<doc>Click the element identified by ``locator``.</doc>
<arguments>
<arg>${mnctvchannel}</arg>
</arguments>
<msg timestamp="20210721 17:28:02.718" level="INFO">Clicking element 'xpath://h1[contains(text(),'MNCTV')]'.</msg>
<status status="PASS" starttime="20210721 17:28:02.717" endtime="20210721 17:28:05.235"></status>
</kw>
<status status="PASS" starttime="20210721 17:27:52.123" endtime="20210721 17:28:05.235"></status>
</kw>
<kw name="And user send &quot;TestBot&quot; on the chat" library="live_chatKeywords">
<kw name="Wait Until Element Is Visible" library="SeleniumLibrary">
<doc>Waits until the element ``locator`` is visible.</doc>
<arguments>
<arg>${rctichannel}</arg>
<arg>15 seconds</arg>
</arguments>
<status status="PASS" starttime="20210721 17:28:05.237" endtime="20210721 17:28:07.303"></status>
</kw>
<kw name="Click Element" library="SeleniumLibrary">
<doc>Click the element identified by ``locator``.</doc>
<arguments>
<arg>${livechatbtn}</arg>
</arguments>
<msg timestamp="20210721 17:28:07.305" level="INFO">Clicking element 'id:btn-expand'.</msg>
<status status="PASS" starttime="20210721 17:28:07.304" endtime="20210721 17:28:09.558"></status>
</kw>
<kw name="Input Text" library="SeleniumLibrary">
<doc>Types the given ``text`` into the text field identified by ``locator``.</doc>
<arguments>
<arg>${chatinput}</arg>
<arg>TestBot</arg>
</arguments>
<msg timestamp="20210721 17:28:09.559" level="INFO">Typing text 'TestBot' into text field 'id:chat-input'.</msg>
<status status="PASS" starttime="20210721 17:28:09.558" endtime="20210721 17:28:13.019"></status>
</kw>
<kw name="Click Element" library="SeleniumLibrary">
<doc>Click the element identified by ``locator``.</doc>
<arguments>
<arg>${sentbtn}</arg>
</arguments>
<msg timestamp="20210721 17:28:13.021" level="INFO">Clicking element 'xpath://body/div[@id='__next']/div[1]/div[2]/div[1]/div[4]/div[2]/div[3]/div[1]/div[1]/div[3]/button[1]'.</msg>
<status status="PASS" starttime="20210721 17:28:13.020" endtime="20210721 17:28:15.288"></status>
</kw>
<status status="PASS" starttime="20210721 17:28:05.236" endtime="20210721 17:28:15.289"></status>
</kw>
<kw name="Then user validate the chat" library="live_chatKeywords">
<kw name="Wait Until Element Is Visible" library="SeleniumLibrary">
<doc>Waits until the element ``locator`` is visible.</doc>
<arguments>
<arg>${chatoutput}</arg>
<arg>15 seconds</arg>
</arguments>
<status status="PASS" starttime="20210721 17:28:15.290" endtime="20210721 17:28:17.357"></status>
</kw>
<kw name="Page Should Contain Element" library="SeleniumLibrary">
<doc>Verifies that element ``locator`` is found on the current page.</doc>
<arguments>
<arg>${chatoutput}</arg>
</arguments>
<msg timestamp="20210721 17:28:18.387" level="INFO">Current page contains element 'xpath://span[contains(text(),'TestBot')]'.</msg>
<status status="PASS" starttime="20210721 17:28:17.357" endtime="20210721 17:28:18.387"></status>
</kw>
<status status="PASS" starttime="20210721 17:28:15.289" endtime="20210721 17:28:18.387"></status>
</kw>
<kw name="Close my Browser" library="Setup" type="teardown">
<kw name="Close All Browsers" library="SeleniumLibrary">
<doc>Closes all open browsers and resets the browser cache.</doc>
<status status="PASS" starttime="20210721 17:28:18.389" endtime="20210721 17:28:22.431"></status>
</kw>
<status status="PASS" starttime="20210721 17:28:18.388" endtime="20210721 17:28:22.432"></status>
</kw>
<status status="PASS" starttime="20210721 17:26:59.274" endtime="20210721 17:28:22.432" critical="yes"></status>
</test>
<test id="s1-s1-s1-t3" name="Send chat from Live TV GTV channel">
<kw name="Chrome Mobile Go To URL" library="Setup" type="setup">
<doc>Starts a Chrome Browser in Mobile Emulation with specified device model</doc>
<arguments>
<arg>${siteUrl}</arg>
</arguments>
<kw name="Evaluate" library="BuiltIn">
<doc>Evaluates the given expression in Python and returns the result.</doc>
<arguments>
<arg>sys.modules['selenium.webdriver'].ChromeOptions()</arg>
<arg>sys, selenium.webdriver</arg>
</arguments>
<assign>
<var>${options}</var>
</assign>
<msg timestamp="20210721 17:28:22.435" level="INFO">${options} = &lt;selenium.webdriver.chrome.options.Options object at 0x0000020C30A82E80&gt;</msg>
<status status="PASS" starttime="20210721 17:28:22.434" endtime="20210721 17:28:22.435"></status>
</kw>
<kw name="Create Dictionary" library="BuiltIn">
<doc>Creates and returns a dictionary based on the given ``items``.</doc>
<arguments>
<arg>deviceName=${mobile}</arg>
</arguments>
<assign>
<var>&amp;{mobile_emulation}</var>
</assign>
<msg timestamp="20210721 17:28:22.436" level="INFO">&amp;{mobile_emulation} = { deviceName=Galaxy S5 }</msg>
<status status="PASS" starttime="20210721 17:28:22.435" endtime="20210721 17:28:22.436"></status>
</kw>
<kw name="Call Method" library="BuiltIn">
<doc>Calls the named method of the given object with the provided arguments.</doc>
<arguments>
<arg>${options}</arg>
<arg>add_experimental_option</arg>
<arg>mobileEmulation</arg>
<arg>${mobile_emulation}</arg>
</arguments>
<status status="PASS" starttime="20210721 17:28:22.436" endtime="20210721 17:28:22.436"></status>
</kw>
<kw name="Call Method" library="BuiltIn">
<doc>Calls the named method of the given object with the provided arguments.</doc>
<arguments>
<arg>${options}</arg>
<arg>add_argument</arg>
<arg>disable-gpu</arg>
</arguments>
<status status="PASS" starttime="20210721 17:28:22.436" endtime="20210721 17:28:22.437"></status>
</kw>
<kw name="Call Method" library="BuiltIn">
<doc>Calls the named method of the given object with the provided arguments.</doc>
<arguments>
<arg>${options}</arg>
<arg>add_argument</arg>
<arg>disable-popup-blocking</arg>
</arguments>
<status status="PASS" starttime="20210721 17:28:22.437" endtime="20210721 17:28:22.437"></status>
</kw>
<kw name="Call Method" library="BuiltIn">
<doc>Calls the named method of the given object with the provided arguments.</doc>
<arguments>
<arg>${options}</arg>
<arg>add_argument</arg>
<arg>no-sandbox</arg>
</arguments>
<status status="PASS" starttime="20210721 17:28:22.437" endtime="20210721 17:28:22.437"></status>
</kw>
<kw name="Call Method" library="BuiltIn">
<doc>Calls the named method of the given object with the provided arguments.</doc>
<arguments>
<arg>${options}</arg>
<arg>add_argument</arg>
<arg>disable-infobars</arg>
</arguments>
<status status="PASS" starttime="20210721 17:28:22.437" endtime="20210721 17:28:22.438"></status>
</kw>
<kw name="Call Method" library="BuiltIn">
<doc>Calls the named method of the given object with the provided arguments.</doc>
<arguments>
<arg>${options}</arg>
<arg>to_capabilities</arg>
</arguments>
<assign>
<var>${desiredcap}</var>
</assign>
<msg timestamp="20210721 17:28:22.438" level="INFO">${desiredcap} = {'browserName': 'chrome', 'version': '', 'platform': 'ANY', 'goog:chromeOptions': {'mobileEmulation': {'deviceName': 'Galaxy S5'}, 'extensions': [], 'args': ['disable-gpu', 'disable-popup-blocking', '...</msg>
<status status="PASS" starttime="20210721 17:28:22.438" endtime="20210721 17:28:22.438"></status>
</kw>
<kw name="Create Webdriver" library="SeleniumLibrary">
<doc>Creates an instance of Selenium WebDriver.</doc>
<arguments>
<arg>Chrome</arg>
<arg>chrome_options=${options}</arg>
<arg>desired_capabilities=${desiredcap}</arg>
</arguments>
<msg timestamp="20210721 17:28:22.438" level="INFO">Creating an instance of the Chrome WebDriver.</msg>
<status status="PASS" starttime="20210721 17:28:22.438" endtime="20210721 17:28:24.957"></status>
</kw>
<kw name="Go To" library="SeleniumLibrary">
<doc>Navigates the current browser window to the provided ``url``.</doc>
<arguments>
<arg>${url}</arg>
</arguments>
<msg timestamp="20210721 17:28:24.958" level="INFO">Opening url 'https://rc-webm.rctiplus.com'</msg>
<status status="PASS" starttime="20210721 17:28:24.958" endtime="20210721 17:28:31.647"></status>
</kw>
<status status="PASS" starttime="20210721 17:28:22.434" endtime="20210721 17:28:31.649"></status>
</kw>
<kw name="Given Login with valid credentials" library="live_chatKeywords">
<kw name="Set Selenium Speed" library="SeleniumLibrary">
<doc>Sets the delay that is waited after each Selenium command.</doc>
<arguments>
<arg>1 seconds</arg>
</arguments>
<status status="PASS" starttime="20210721 17:28:31.650" endtime="20210721 17:28:31.650"></status>
</kw>
<kw name="Wait Until Element Is Visible" library="SeleniumLibrary">
<doc>Waits until the element ``locator`` is visible.</doc>
<arguments>
<arg>${accountbtn}</arg>
</arguments>
<status status="PASS" starttime="20210721 17:28:31.650" endtime="20210721 17:28:33.774"></status>
</kw>
<kw name="Click Element" library="SeleniumLibrary">
<doc>Click the element identified by ``locator``.</doc>
<arguments>
<arg>${accountbtn}</arg>
</arguments>
<msg timestamp="20210721 17:28:33.775" level="INFO">Clicking element 'id:action-account'.</msg>
<status status="PASS" starttime="20210721 17:28:33.774" endtime="20210721 17:28:36.027"></status>
</kw>
<kw name="Sleep" library="BuiltIn">
<doc>Pauses the test executed for the given time.</doc>
<arguments>
<arg>3 seconds</arg>
</arguments>
<msg timestamp="20210721 17:28:39.040" level="INFO">Slept 3 seconds</msg>
<status status="PASS" starttime="20210721 17:28:36.028" endtime="20210721 17:28:39.040"></status>
</kw>
<kw name="Click Element" library="SeleniumLibrary">
<doc>Click the element identified by ``locator``.</doc>
<arguments>
<arg>${login}</arg>
</arguments>
<msg timestamp="20210721 17:28:39.041" level="INFO">Clicking element 'id:button-login'.</msg>
<status status="PASS" starttime="20210721 17:28:39.040" endtime="20210721 17:28:41.265"></status>
</kw>
<kw name="Wait Until Element Is Visible" library="SeleniumLibrary">
<doc>Waits until the element ``locator`` is visible.</doc>
<arguments>
<arg>${mailfield}</arg>
<arg>10 seconds</arg>
</arguments>
<status status="PASS" starttime="20210721 17:28:41.266" endtime="20210721 17:28:43.362"></status>
</kw>
<kw name="Input Text" library="SeleniumLibrary">
<doc>Types the given ``text`` into the text field identified by ``locator``.</doc>
<arguments>
<arg>${mailfield}</arg>
<arg>ahmadilham000@gmail.com</arg>
</arguments>
<msg timestamp="20210721 17:28:43.364" level="INFO">Typing text 'ahmadilham000@gmail.com' into text field 'id:email'.</msg>
<status status="PASS" starttime="20210721 17:28:43.362" endtime="20210721 17:28:46.861"></status>
</kw>
<kw name="Input Text" library="SeleniumLibrary">
<doc>Types the given ``text`` into the text field identified by ``locator``.</doc>
<arguments>
<arg>${passwordfield}</arg>
<arg>01101994</arg>
</arguments>
<msg timestamp="20210721 17:28:46.863" level="INFO">Typing text '01101994' into text field 'id:password'.</msg>
<status status="PASS" starttime="20210721 17:28:46.862" endtime="20210721 17:28:50.110"></status>
</kw>
<kw name="Click Element" library="SeleniumLibrary">
<doc>Click the element identified by ``locator``.</doc>
<arguments>
<arg>${login_btn}</arg>
</arguments>
<msg timestamp="20210721 17:28:50.112" level="INFO">Clicking element 'id:submit-login'.</msg>
<status status="PASS" starttime="20210721 17:28:50.110" endtime="20210721 17:28:52.454"></status>
</kw>
<kw name="Set Browser Implicit Wait" library="SeleniumLibrary">
<doc>Sets the implicit wait value used by Selenium.</doc>
<arguments>
<arg>5 seconds</arg>
</arguments>
<status status="PASS" starttime="20210721 17:28:52.455" endtime="20210721 17:28:53.476"></status>
</kw>
<status status="PASS" starttime="20210721 17:28:31.649" endtime="20210721 17:28:53.477"></status>
</kw>
<kw name="When user go to the &quot;GTV&quot; channel" library="live_chatKeywords">
<kw name="Wait Until Element Is Visible" library="SeleniumLibrary">
<doc>Waits until the element ``locator`` is visible.</doc>
<arguments>
<arg>${livetvbtn}</arg>
<arg>15 seconds</arg>
</arguments>
<status status="PASS" starttime="20210721 17:28:53.479" endtime="20210721 17:28:55.526"></status>
</kw>
<kw name="Click Element" library="SeleniumLibrary">
<doc>Click the element identified by ``locator``.</doc>
<arguments>
<arg>${livetvbtn}</arg>
</arguments>
<msg timestamp="20210721 17:28:55.528" level="INFO">Clicking element 'id:action-live-tv'.</msg>
<status status="PASS" starttime="20210721 17:28:55.527" endtime="20210721 17:29:00.468"></status>
</kw>
<kw name="Wait Until Element Is Visible" library="SeleniumLibrary">
<doc>Waits until the element ``locator`` is visible.</doc>
<arguments>
<arg>${gtvchannel}</arg>
<arg>15 seconds</arg>
</arguments>
<status status="PASS" starttime="20210721 17:29:00.468" endtime="20210721 17:29:03.052"></status>
</kw>
<kw name="Click Element" library="SeleniumLibrary">
<doc>Click the element identified by ``locator``.</doc>
<arguments>
<arg>${gtvchannel}</arg>
</arguments>
<msg timestamp="20210721 17:29:03.053" level="INFO">Clicking element 'xpath://h1[contains(text(),'GTV')]'.</msg>
<status status="PASS" starttime="20210721 17:29:03.052" endtime="20210721 17:29:05.434"></status>
</kw>
<status status="PASS" starttime="20210721 17:28:53.478" endtime="20210721 17:29:05.434"></status>
</kw>
<kw name="And user send &quot;TestBot&quot; on the chat" library="live_chatKeywords">
<kw name="Wait Until Element Is Visible" library="SeleniumLibrary">
<doc>Waits until the element ``locator`` is visible.</doc>
<arguments>
<arg>${rctichannel}</arg>
<arg>15 seconds</arg>
</arguments>
<status status="PASS" starttime="20210721 17:29:05.435" endtime="20210721 17:29:07.705"></status>
</kw>
<kw name="Click Element" library="SeleniumLibrary">
<doc>Click the element identified by ``locator``.</doc>
<arguments>
<arg>${livechatbtn}</arg>
</arguments>
<msg timestamp="20210721 17:29:07.706" level="INFO">Clicking element 'id:btn-expand'.</msg>
<status status="PASS" starttime="20210721 17:29:07.705" endtime="20210721 17:29:09.916"></status>
</kw>
<kw name="Input Text" library="SeleniumLibrary">
<doc>Types the given ``text`` into the text field identified by ``locator``.</doc>
<arguments>
<arg>${chatinput}</arg>
<arg>TestBot</arg>
</arguments>
<msg timestamp="20210721 17:29:09.917" level="INFO">Typing text 'TestBot' into text field 'id:chat-input'.</msg>
<status status="PASS" starttime="20210721 17:29:09.917" endtime="20210721 17:29:13.276"></status>
</kw>
<kw name="Click Element" library="SeleniumLibrary">
<doc>Click the element identified by ``locator``.</doc>
<arguments>
<arg>${sentbtn}</arg>
</arguments>
<msg timestamp="20210721 17:29:13.277" level="INFO">Clicking element 'xpath://body/div[@id='__next']/div[1]/div[2]/div[1]/div[4]/div[2]/div[3]/div[1]/div[1]/div[3]/button[1]'.</msg>
<status status="PASS" starttime="20210721 17:29:13.277" endtime="20210721 17:29:15.511"></status>
</kw>
<status status="PASS" starttime="20210721 17:29:05.434" endtime="20210721 17:29:15.512"></status>
</kw>
<kw name="Then user validate the chat" library="live_chatKeywords">
<kw name="Wait Until Element Is Visible" library="SeleniumLibrary">
<doc>Waits until the element ``locator`` is visible.</doc>
<arguments>
<arg>${chatoutput}</arg>
<arg>15 seconds</arg>
</arguments>
<status status="PASS" starttime="20210721 17:29:15.513" endtime="20210721 17:29:17.606"></status>
</kw>
<kw name="Page Should Contain Element" library="SeleniumLibrary">
<doc>Verifies that element ``locator`` is found on the current page.</doc>
<arguments>
<arg>${chatoutput}</arg>
</arguments>
<msg timestamp="20210721 17:29:18.635" level="INFO">Current page contains element 'xpath://span[contains(text(),'TestBot')]'.</msg>
<status status="PASS" starttime="20210721 17:29:17.606" endtime="20210721 17:29:18.636"></status>
</kw>
<status status="PASS" starttime="20210721 17:29:15.512" endtime="20210721 17:29:18.637"></status>
</kw>
<kw name="Close my Browser" library="Setup" type="teardown">
<kw name="Close All Browsers" library="SeleniumLibrary">
<doc>Closes all open browsers and resets the browser cache.</doc>
<status status="PASS" starttime="20210721 17:29:18.638" endtime="20210721 17:29:21.816"></status>
</kw>
<status status="PASS" starttime="20210721 17:29:18.637" endtime="20210721 17:29:21.816"></status>
</kw>
<status status="PASS" starttime="20210721 17:28:22.433" endtime="20210721 17:29:21.816" critical="yes"></status>
</test>
<test id="s1-s1-s1-t4" name="Send chat from Live TV iNews channel">
<kw name="Chrome Mobile Go To URL" library="Setup" type="setup">
<doc>Starts a Chrome Browser in Mobile Emulation with specified device model</doc>
<arguments>
<arg>${siteUrl}</arg>
</arguments>
<kw name="Evaluate" library="BuiltIn">
<doc>Evaluates the given expression in Python and returns the result.</doc>
<arguments>
<arg>sys.modules['selenium.webdriver'].ChromeOptions()</arg>
<arg>sys, selenium.webdriver</arg>
</arguments>
<assign>
<var>${options}</var>
</assign>
<msg timestamp="20210721 17:29:21.817" level="INFO">${options} = &lt;selenium.webdriver.chrome.options.Options object at 0x0000020C30A8FCA0&gt;</msg>
<status status="PASS" starttime="20210721 17:29:21.817" endtime="20210721 17:29:21.817"></status>
</kw>
<kw name="Create Dictionary" library="BuiltIn">
<doc>Creates and returns a dictionary based on the given ``items``.</doc>
<arguments>
<arg>deviceName=${mobile}</arg>
</arguments>
<assign>
<var>&amp;{mobile_emulation}</var>
</assign>
<msg timestamp="20210721 17:29:21.817" level="INFO">&amp;{mobile_emulation} = { deviceName=Galaxy S5 }</msg>
<status status="PASS" starttime="20210721 17:29:21.817" endtime="20210721 17:29:21.817"></status>
</kw>
<kw name="Call Method" library="BuiltIn">
<doc>Calls the named method of the given object with the provided arguments.</doc>
<arguments>
<arg>${options}</arg>
<arg>add_experimental_option</arg>
<arg>mobileEmulation</arg>
<arg>${mobile_emulation}</arg>
</arguments>
<status status="PASS" starttime="20210721 17:29:21.817" endtime="20210721 17:29:21.817"></status>
</kw>
<kw name="Call Method" library="BuiltIn">
<doc>Calls the named method of the given object with the provided arguments.</doc>
<arguments>
<arg>${options}</arg>
<arg>add_argument</arg>
<arg>disable-gpu</arg>
</arguments>
<status status="PASS" starttime="20210721 17:29:21.817" endtime="20210721 17:29:21.817"></status>
</kw>
<kw name="Call Method" library="BuiltIn">
<doc>Calls the named method of the given object with the provided arguments.</doc>
<arguments>
<arg>${options}</arg>
<arg>add_argument</arg>
<arg>disable-popup-blocking</arg>
</arguments>
<status status="PASS" starttime="20210721 17:29:21.817" endtime="20210721 17:29:21.817"></status>
</kw>
<kw name="Call Method" library="BuiltIn">
<doc>Calls the named method of the given object with the provided arguments.</doc>
<arguments>
<arg>${options}</arg>
<arg>add_argument</arg>
<arg>no-sandbox</arg>
</arguments>
<status status="PASS" starttime="20210721 17:29:21.817" endtime="20210721 17:29:21.817"></status>
</kw>
<kw name="Call Method" library="BuiltIn">
<doc>Calls the named method of the given object with the provided arguments.</doc>
<arguments>
<arg>${options}</arg>
<arg>add_argument</arg>
<arg>disable-infobars</arg>
</arguments>
<status status="PASS" starttime="20210721 17:29:21.817" endtime="20210721 17:29:21.817"></status>
</kw>
<kw name="Call Method" library="BuiltIn">
<doc>Calls the named method of the given object with the provided arguments.</doc>
<arguments>
<arg>${options}</arg>
<arg>to_capabilities</arg>
</arguments>
<assign>
<var>${desiredcap}</var>
</assign>
<msg timestamp="20210721 17:29:21.817" level="INFO">${desiredcap} = {'browserName': 'chrome', 'version': '', 'platform': 'ANY', 'goog:chromeOptions': {'mobileEmulation': {'deviceName': 'Galaxy S5'}, 'extensions': [], 'args': ['disable-gpu', 'disable-popup-blocking', '...</msg>
<status status="PASS" starttime="20210721 17:29:21.817" endtime="20210721 17:29:21.817"></status>
</kw>
<kw name="Create Webdriver" library="SeleniumLibrary">
<doc>Creates an instance of Selenium WebDriver.</doc>
<arguments>
<arg>Chrome</arg>
<arg>chrome_options=${options}</arg>
<arg>desired_capabilities=${desiredcap}</arg>
</arguments>
<msg timestamp="20210721 17:29:21.823" level="INFO">Creating an instance of the Chrome WebDriver.</msg>
<status status="PASS" starttime="20210721 17:29:21.817" endtime="20210721 17:29:23.775"></status>
</kw>
<kw name="Go To" library="SeleniumLibrary">
<doc>Navigates the current browser window to the provided ``url``.</doc>
<arguments>
<arg>${url}</arg>
</arguments>
<msg timestamp="20210721 17:29:23.777" level="INFO">Opening url 'https://rc-webm.rctiplus.com'</msg>
<status status="PASS" starttime="20210721 17:29:23.776" endtime="20210721 17:29:28.071"></status>
</kw>
<status status="PASS" starttime="20210721 17:29:21.817" endtime="20210721 17:29:28.071"></status>
</kw>
<kw name="Given Login with valid credentials" library="live_chatKeywords">
<kw name="Set Selenium Speed" library="SeleniumLibrary">
<doc>Sets the delay that is waited after each Selenium command.</doc>
<arguments>
<arg>1 seconds</arg>
</arguments>
<status status="PASS" starttime="20210721 17:29:28.074" endtime="20210721 17:29:28.075"></status>
</kw>
<kw name="Wait Until Element Is Visible" library="SeleniumLibrary">
<doc>Waits until the element ``locator`` is visible.</doc>
<arguments>
<arg>${accountbtn}</arg>
</arguments>
<status status="PASS" starttime="20210721 17:29:28.075" endtime="20210721 17:29:30.164"></status>
</kw>
<kw name="Click Element" library="SeleniumLibrary">
<doc>Click the element identified by ``locator``.</doc>
<arguments>
<arg>${accountbtn}</arg>
</arguments>
<msg timestamp="20210721 17:29:30.165" level="INFO">Clicking element 'id:action-account'.</msg>
<status status="PASS" starttime="20210721 17:29:30.165" endtime="20210721 17:29:32.600"></status>
</kw>
<kw name="Sleep" library="BuiltIn">
<doc>Pauses the test executed for the given time.</doc>
<arguments>
<arg>3 seconds</arg>
</arguments>
<msg timestamp="20210721 17:29:35.606" level="INFO">Slept 3 seconds</msg>
<status status="PASS" starttime="20210721 17:29:32.600" endtime="20210721 17:29:35.606"></status>
</kw>
<kw name="Click Element" library="SeleniumLibrary">
<doc>Click the element identified by ``locator``.</doc>
<arguments>
<arg>${login}</arg>
</arguments>
<msg timestamp="20210721 17:29:35.607" level="INFO">Clicking element 'id:button-login'.</msg>
<status status="PASS" starttime="20210721 17:29:35.606" endtime="20210721 17:29:37.778"></status>
</kw>
<kw name="Wait Until Element Is Visible" library="SeleniumLibrary">
<doc>Waits until the element ``locator`` is visible.</doc>
<arguments>
<arg>${mailfield}</arg>
<arg>10 seconds</arg>
</arguments>
<status status="PASS" starttime="20210721 17:29:37.779" endtime="20210721 17:29:39.927"></status>
</kw>
<kw name="Input Text" library="SeleniumLibrary">
<doc>Types the given ``text`` into the text field identified by ``locator``.</doc>
<arguments>
<arg>${mailfield}</arg>
<arg>ahmadilham000@gmail.com</arg>
</arguments>
<msg timestamp="20210721 17:29:39.928" level="INFO">Typing text 'ahmadilham000@gmail.com' into text field 'id:email'.</msg>
<status status="PASS" starttime="20210721 17:29:39.927" endtime="20210721 17:29:43.381"></status>
</kw>
<kw name="Input Text" library="SeleniumLibrary">
<doc>Types the given ``text`` into the text field identified by ``locator``.</doc>
<arguments>
<arg>${passwordfield}</arg>
<arg>01101994</arg>
</arguments>
<msg timestamp="20210721 17:29:43.382" level="INFO">Typing text '01101994' into text field 'id:password'.</msg>
<status status="PASS" starttime="20210721 17:29:43.381" endtime="20210721 17:29:46.679"></status>
</kw>
<kw name="Click Element" library="SeleniumLibrary">
<doc>Click the element identified by ``locator``.</doc>
<arguments>
<arg>${login_btn}</arg>
</arguments>
<msg timestamp="20210721 17:29:46.680" level="INFO">Clicking element 'id:submit-login'.</msg>
<status status="PASS" starttime="20210721 17:29:46.679" endtime="20210721 17:29:48.906"></status>
</kw>
<kw name="Set Browser Implicit Wait" library="SeleniumLibrary">
<doc>Sets the implicit wait value used by Selenium.</doc>
<arguments>
<arg>5 seconds</arg>
</arguments>
<status status="PASS" starttime="20210721 17:29:48.906" endtime="20210721 17:29:49.912"></status>
</kw>
<status status="PASS" starttime="20210721 17:29:28.072" endtime="20210721 17:29:49.914"></status>
</kw>
<kw name="When user go to the &quot;iNews&quot; channel" library="live_chatKeywords">
<kw name="Wait Until Element Is Visible" library="SeleniumLibrary">
<doc>Waits until the element ``locator`` is visible.</doc>
<arguments>
<arg>${livetvbtn}</arg>
<arg>15 seconds</arg>
</arguments>
<status status="PASS" starttime="20210721 17:29:49.916" endtime="20210721 17:29:52.057"></status>
</kw>
<kw name="Click Element" library="SeleniumLibrary">
<doc>Click the element identified by ``locator``.</doc>
<arguments>
<arg>${livetvbtn}</arg>
</arguments>
<msg timestamp="20210721 17:29:52.060" level="INFO">Clicking element 'id:action-live-tv'.</msg>
<status status="PASS" starttime="20210721 17:29:52.058" endtime="20210721 17:30:08.835"></status>
</kw>
<kw name="Wait Until Element Is Visible" library="SeleniumLibrary">
<doc>Waits until the element ``locator`` is visible.</doc>
<arguments>
<arg>${iNewschannel}</arg>
<arg>15 seconds</arg>
</arguments>
<status status="PASS" starttime="20210721 17:30:08.835" endtime="20210721 17:30:11.028"></status>
</kw>
<kw name="Click Element" library="SeleniumLibrary">
<doc>Click the element identified by ``locator``.</doc>
<arguments>
<arg>${iNewschannel}</arg>
</arguments>
<msg timestamp="20210721 17:30:11.029" level="INFO">Clicking element 'xpath://h1[contains(text(),'INEWS')]'.</msg>
<status status="PASS" starttime="20210721 17:30:11.028" endtime="20210721 17:30:13.576"></status>
</kw>
<status status="PASS" starttime="20210721 17:29:49.914" endtime="20210721 17:30:13.577"></status>
</kw>
<kw name="And user send &quot;TestBot&quot; on the chat" library="live_chatKeywords">
<kw name="Wait Until Element Is Visible" library="SeleniumLibrary">
<doc>Waits until the element ``locator`` is visible.</doc>
<arguments>
<arg>${rctichannel}</arg>
<arg>15 seconds</arg>
</arguments>
<status status="PASS" starttime="20210721 17:30:13.578" endtime="20210721 17:30:15.665"></status>
</kw>
<kw name="Click Element" library="SeleniumLibrary">
<doc>Click the element identified by ``locator``.</doc>
<arguments>
<arg>${livechatbtn}</arg>
</arguments>
<msg timestamp="20210721 17:30:15.667" level="INFO">Clicking element 'id:btn-expand'.</msg>
<status status="PASS" starttime="20210721 17:30:15.665" endtime="20210721 17:30:17.987"></status>
</kw>
<kw name="Input Text" library="SeleniumLibrary">
<doc>Types the given ``text`` into the text field identified by ``locator``.</doc>
<arguments>
<arg>${chatinput}</arg>
<arg>TestBot</arg>
</arguments>
<msg timestamp="20210721 17:30:17.989" level="INFO">Typing text 'TestBot' into text field 'id:chat-input'.</msg>
<status status="PASS" starttime="20210721 17:30:17.987" endtime="20210721 17:30:21.293"></status>
</kw>
<kw name="Click Element" library="SeleniumLibrary">
<doc>Click the element identified by ``locator``.</doc>
<arguments>
<arg>${sentbtn}</arg>
</arguments>
<msg timestamp="20210721 17:30:21.294" level="INFO">Clicking element 'xpath://body/div[@id='__next']/div[1]/div[2]/div[1]/div[4]/div[2]/div[3]/div[1]/div[1]/div[3]/button[1]'.</msg>
<status status="PASS" starttime="20210721 17:30:21.293" endtime="20210721 17:30:23.582"></status>
</kw>
<status status="PASS" starttime="20210721 17:30:13.577" endtime="20210721 17:30:23.582"></status>
</kw>
<kw name="Then user validate the chat" library="live_chatKeywords">
<kw name="Wait Until Element Is Visible" library="SeleniumLibrary">
<doc>Waits until the element ``locator`` is visible.</doc>
<arguments>
<arg>${chatoutput}</arg>
<arg>15 seconds</arg>
</arguments>
<status status="PASS" starttime="20210721 17:30:23.583" endtime="20210721 17:30:25.696"></status>
</kw>
<kw name="Page Should Contain Element" library="SeleniumLibrary">
<doc>Verifies that element ``locator`` is found on the current page.</doc>
<arguments>
<arg>${chatoutput}</arg>
</arguments>
<msg timestamp="20210721 17:30:26.746" level="INFO">Current page contains element 'xpath://span[contains(text(),'TestBot')]'.</msg>
<status status="PASS" starttime="20210721 17:30:25.697" endtime="20210721 17:30:26.746"></status>
</kw>
<status status="PASS" starttime="20210721 17:30:23.583" endtime="20210721 17:30:26.747"></status>
</kw>
<kw name="Close my Browser" library="Setup" type="teardown">
<kw name="Close All Browsers" library="SeleniumLibrary">
<doc>Closes all open browsers and resets the browser cache.</doc>
<status status="PASS" starttime="20210721 17:30:26.749" endtime="20210721 17:30:29.939"></status>
</kw>
<status status="PASS" starttime="20210721 17:30:26.748" endtime="20210721 17:30:29.939"></status>
</kw>
<status status="PASS" starttime="20210721 17:29:21.817" endtime="20210721 17:30:29.939" critical="yes"></status>
</test>
<status status="PASS" starttime="20210721 17:25:42.804" endtime="20210721 17:30:29.941"></status>
</suite>
<status status="PASS" starttime="20210721 17:25:42.804" endtime="20210721 17:30:29.944"></status>
</suite>
<status status="PASS" starttime="20210721 17:25:42.437" endtime="20210721 17:30:29.948"></status>
</suite>
<statistics>
<total>
<stat pass="4" fail="0">Critical Tests</stat>
<stat pass="4" fail="0">All Tests</stat>
</total>
<tag>
</tag>
<suite>
<stat pass="4" fail="0" id="s1" name="Features">Features</stat>
<stat pass="4" fail="0" id="s1-s1" name="Live Chat">Features.Live Chat</stat>
<stat pass="4" fail="0" id="s1-s1-s1" name="live chatTest">Features.Live Chat.live chatTest</stat>
</suite>
</statistics>
<errors>
</errors>
</robot>
